Performing C SOURCE FILE Test CMAKE_HAVE_LIBC_PTHREAD failed with the following output:
Change Dir: /home/lab307/wk_scout/src/nmea_navsat_driver/cmake-build-debug/CMakeFiles/CMakeTmp

Run Build Command(s):/usr/bin/make cmTC_e1030/fast && /usr/bin/make  -f CMakeFiles/cmTC_e1030.dir/build.make CMakeFiles/cmTC_e1030.dir/build
make[1]: Entering directory '/home/lab307/wk_scout/src/nmea_navsat_driver/cmake-build-debug/CMakeFiles/CMakeTmp'
Building C object CMakeFiles/cmTC_e1030.dir/src.c.o
/usr/bin/cc -DCMAKE_HAVE_LIBC_PTHREAD   -o CMakeFiles/cmTC_e1030.dir/src.c.o -c /home/lab307/wk_scout/src/nmea_navsat_driver/cmake-build-debug/CMakeFiles/CMakeTmp/src.c
Linking C executable cmTC_e1030
/home/lab307/dev_tools/clion-2021.1.1/bin/cmake/linux/bin/cmake -E cmake_link_script CMakeFiles/cmTC_e1030.dir/link.txt --verbose=1
/usr/bin/cc -rdynamic CMakeFiles/cmTC_e1030.dir/src.c.o -o cmTC_e1030 
CMakeFiles/cmTC_e1030.dir/src.c.o：在函数‘main’中：
src.c:(.text+0x3c)：对‘pthread_create’未定义的引用
src.c:(.text+0x48)：对‘pthread_detach’未定义的引用
src.c:(.text+0x54)：对‘pthread_cancel’未定义的引用
src.c:(.text+0x65)：对‘pthread_join’未定义的引用
src.c:(.text+0x79)：对‘pthread_atfork’未定义的引用
collect2: error: ld returned 1 exit status
CMakeFiles/cmTC_e1030.dir/build.make:105: recipe for target 'cmTC_e1030' failed
make[1]: *** [cmTC_e1030] Error 1
make[1]: Leaving directory '/home/lab307/wk_scout/src/nmea_navsat_driver/cmake-build-debug/CMakeFiles/CMakeTmp'
Makefile:140: recipe for target 'cmTC_e1030/fast' failed
make: *** [cmTC_e1030/fast] Error 2


Source file was:
#include <pthread.h>

static void* test_func(void* data)
{
  return data;
}

int main(void)
{
  pthread_t thread;
  pthread_create(&thread, NULL, test_func, NULL);
  pthread_detach(thread);
  pthread_cancel(thread);
  pthread_join(thread, NULL);
  pthread_atfork(NULL, NULL, NULL);
  pthread_exit(NULL);

  return 0;
}

Determining if the function pthread_create exists in the pthreads failed with the following output:
Change Dir: /home/lab307/wk_scout/src/nmea_navsat_driver/cmake-build-debug/CMakeFiles/CMakeTmp

Run Build Command(s):/usr/bin/make cmTC_eb7b1/fast && /usr/bin/make  -f CMakeFiles/cmTC_eb7b1.dir/build.make CMakeFiles/cmTC_eb7b1.dir/build
make[1]: Entering directory '/home/lab307/wk_scout/src/nmea_navsat_driver/cmake-build-debug/CMakeFiles/CMakeTmp'
Building C object CMakeFiles/cmTC_eb7b1.dir/CheckFunctionExists.c.o
/usr/bin/cc   -DCHECK_FUNCTION_EXISTS=pthread_create -o CMakeFiles/cmTC_eb7b1.dir/CheckFunctionExists.c.o -c /home/lab307/dev_tools/clion-2021.1.1/bin/cmake/linux/share/cmake-3.19/Modules/CheckFunctionExists.c
Linking C executable cmTC_eb7b1
/home/lab307/dev_tools/clion-2021.1.1/bin/cmake/linux/bin/cmake -E cmake_link_script CMakeFiles/cmTC_eb7b1.dir/link.txt --verbose=1
/usr/bin/cc  -DCHECK_FUNCTION_EXISTS=pthread_create -rdynamic CMakeFiles/cmTC_eb7b1.dir/CheckFunctionExists.c.o -o cmTC_eb7b1  -lpthreads 
/usr/bin/ld: 找不到 -lpthreads
collect2: error: ld returned 1 exit status
CMakeFiles/cmTC_eb7b1.dir/build.make:105: recipe for target 'cmTC_eb7b1' failed
make[1]: *** [cmTC_eb7b1] Error 1
make[1]: Leaving directory '/home/lab307/wk_scout/src/nmea_navsat_driver/cmake-build-debug/CMakeFiles/CMakeTmp'
Makefile:140: recipe for target 'cmTC_eb7b1/fast' failed
make: *** [cmTC_eb7b1/fast] Error 2



